<?xml version="1.0" encoding="UTF-8"?>
<testsuite xmlns:xsi="http://www.w3.org/2001/XMLSchema-instance" xsi:noNamespaceSchemaLocation="https://maven.apache.org/surefire/maven-surefire-plugin/xsd/surefire-test-report-3.0.xsd" version="3.0" name="runner.RunCucumber" time="11.337" tests="7" errors="0" skipped="0" failures="0">
  <properties>
[...]
</properties>
  <testcase name="Dado que estou na tela de login" classname="Cenário: Usuário deseja resetar e redefinir senha" time="0">
    <system-out><![CDATA[####################
]]></system-out>
    <system-err><![CDATA[Starting ChromeDriver 117.0.5938.62 (25a7172909a4cba7355365cf424d7d7eb35231f4-refs/branch-heads/5938@{#1146}) on port 44027
Only local connections are allowed.
Please see https://chromedriver.chromium.org/security-considerations for suggestions on keeping ChromeDriver safe.
ChromeDriver was started successfully.
set 16, 2023 8:46:34 AM org.openqa.selenium.remote.ProtocolHandshake createSession
INFORMAÇÕES: Detected dialect: W3C
]]></system-err>
  </testcase>
  <testcase name="Quando clico no botao Resetar senha" classname="Cenário: Usuário deseja resetar e redefinir senha" time="0">
    <system-out><![CDATA[Vai clicar no elemento: By.xpath: /html/body/app-root/ion-app/main/ion-router-outlet/app-login/div/div/div[3]/ion-col[2]
Clicou no elemento: By.xpath: /html/body/app-root/ion-app/main/ion-router-outlet/app-login/div/div/div[3]/ion-col[2]
####################
]]></system-out>
  </testcase>
  <testcase name="E preencho o email &quot;thiago.lyon.passos@gmail.com&quot;" classname="Cenário: Usuário deseja resetar e redefinir senha" time="0">
    <system-out><![CDATA[Vai preencher o campo: By.xpath: /html/body/app-root/ion-app/ion-alert/div[2]/div[3]/div/input
Preencheu o campo: By.xpath: /html/body/app-root/ion-app/ion-alert/div[2]/div[3]/div/input
####################
]]></system-out>
  </testcase>
  <testcase name="E clico no botao RECUPERAR" classname="Cenário: Usuário deseja resetar e redefinir senha" time="0">
    <system-out><![CDATA[Vai clicar no elemento: By.xpath: /html/body/app-root/ion-app/ion-alert/div[2]/div[4]/button[2]
Clicou no elemento: By.xpath: /html/body/app-root/ion-app/ion-alert/div[2]/div[4]/button[2]
####################
]]></system-out>
  </testcase>
  <testcase name="E clico no botao OK" classname="Cenário: Usuário deseja resetar e redefinir senha" time="0">
    <system-out><![CDATA[Vai clicar no elemento: By.xpath: /html/body/app-root/ion-app/ion-alert/div[2]/div[3]/button
Clicou no elemento: By.xpath: /html/body/app-root/ion-app/ion-alert/div[2]/div[3]/button
####################
]]></system-out>
  </testcase>
  <testcase name="Então o email de redefinir senha é enviado" classname="Cenário: Usuário deseja resetar e redefinir senha" time="0">
    <system-out><![CDATA[####################
]]></system-out>
  </testcase>
  <testcase name="" classname="Cenário: Usuário deseja resetar e redefinir senha" time="0.004">
    <system-out><![CDATA[************
Teste executado: Usuário deseja resetar e redefinir senha
Status: passed
Tag: [@resetar]
************
************
Teste executado: Usuário deseja resetar e redefinir senha
Status: passed
Tag: [@resetar]
************
************
Teste executado: Usuário deseja resetar e redefinir senha
Status: passed
Tag: [@resetar]
************
]]></system-out>
  </testcase>
</testsuite>