<?xml version="1.0" encoding="UTF-8"?>
<testsuite xmlns:xsi="http://www.w3.org/2001/XMLSchema-instance" xsi:noNamespaceSchemaLocation="https://maven.apache.org/surefire/maven-surefire-plugin/xsd/surefire-test-report-3.0.xsd" version="3.0" name="runner.RunCucumber" time="85.927" tests="94" errors="0" skipped="0" failures="0">
  <properties>
[...]
</properties>
  <testcase name="Dado que estou na tela de login" classname="Cenário: Cadastro com sucesso" time="0">
    <system-out><![CDATA[####################
]]></system-out>
    <system-err><![CDATA[Starting ChromeDriver 117.0.5938.62 (25a7172909a4cba7355365cf424d7d7eb35231f4-refs/branch-heads/5938@{#1146}) on port 16518
Only local connections are allowed.
Please see https://chromedriver.chromium.org/security-considerations for suggestions on keeping ChromeDriver safe.
ChromeDriver was started successfully.
set 16, 2023 10:05:05 AM org.openqa.selenium.remote.ProtocolHandshake createSession
INFORMAÇÕES: Detected dialect: W3C
]]></system-err>
  </testcase>
  <testcase name="Quando clico no botao Cadastre-se" classname="Cenário: Cadastro com sucesso" time="0">
    <system-out><![CDATA[Vai clicar no elemento: By.cssSelector: span.link
Clicou no elemento: By.cssSelector: span.link
####################
]]></system-out>
  </testcase>
  <testcase name="E preencho o campo nome completo &quot;Thiago Lyon Souza do Nascimento&quot;" classname="Cenário: Cadastro com sucesso" time="0">
    <system-out><![CDATA[Vai preencher o campo: By.cssSelector: #name > input
Preencheu o campo: By.cssSelector: #name > input
####################
]]></system-out>
  </testcase>
  <testcase name="E preencho o campo email &quot;thiagococo5@bambu.com&quot;" classname="Cenário: Cadastro com sucesso" time="0">
    <system-out><![CDATA[Vai preencher o campo: By.xpath: /html/body/app-root/ion-app/div/div/desktop-modal/div[2]/register-popup/div/form/div[3]/ion-input/input
Preencheu o campo: By.xpath: /html/body/app-root/ion-app/div/div/desktop-modal/div[2]/register-popup/div/form/div[3]/ion-input/input
####################
]]></system-out>
  </testcase>
  <testcase name="E preencho o campo senha &quot;CocoBambu23@&quot;" classname="Cenário: Cadastro com sucesso" time="0">
    <system-out><![CDATA[Vai preencher o campo: By.xpath: //*[@id='formRegisterUser']/div[5]/ion-input/input
Preencheu o campo: By.xpath: //*[@id='formRegisterUser']/div[5]/ion-input/input
####################
]]></system-out>
  </testcase>
  <testcase name="E preencho o campo confirmar senha &quot;CocoBambu23@&quot;" classname="Cenário: Cadastro com sucesso" time="0">
    <system-out><![CDATA[Vai preencher o campo: By.xpath: /html/body/app-root/ion-app/div/div/desktop-modal/div[2]/register-popup/div/form/div[7]/ion-input/input
Preencheu o campo: By.xpath: /html/body/app-root/ion-app/div/div/desktop-modal/div[2]/register-popup/div/form/div[7]/ion-input/input
####################
]]></system-out>
  </testcase>
  <testcase name="E seleciono um estado" classname="Cenário: Cadastro com sucesso" time="0">
    <system-out><![CDATA[Vai clicar no elemento: By.xpath: //*[@id='formRegisterUser']/div[9]/ion-select
Clicou no elemento: By.xpath: //*[@id='formRegisterUser']/div[9]/ion-select
####################
Vai clicar no elemento: By.xpath: /html/body/app-root/ion-app/ion-action-sheet/div[2]/div/div[1]/button[8]
Clicou no elemento: By.xpath: /html/body/app-root/ion-app/ion-action-sheet/div[2]/div/div[1]/button[8]
####################
]]></system-out>
  </testcase>
  <testcase name="E seleciono o checkbox de notificacoes" classname="Cenário: Cadastro com sucesso" time="0">
    <system-out><![CDATA[Vai clicar no elemento: By.xpath: /html/body/app-root/ion-app/div/div/desktop-modal/div[2]/register-popup/div/form/div[11]/ion-item[1]/ion-checkbox
Clicou no elemento: By.xpath: /html/body/app-root/ion-app/div/div/desktop-modal/div[2]/register-popup/div/form/div[11]/ion-item[1]/ion-checkbox
####################
]]></system-out>
  </testcase>
  <testcase name="E seleciono o checkbox de termos e condicoes" classname="Cenário: Cadastro com sucesso" time="0">
    <system-out><![CDATA[Vai clicar no elemento: By.cssSelector: #formRegisterUser > div.checkbox-container > ion-item.checkbox.ion-untouched.ion-pristine.ion-invalid.item.md.ion-activatable.ion-focusable.hydrated.item-label > ion-checkbox
Clicou no elemento: By.cssSelector: #formRegisterUser > div.checkbox-container > ion-item.checkbox.ion-untouched.ion-pristine.ion-invalid.item.md.ion-activatable.ion-focusable.hydrated.item-label > ion-checkbox
####################
]]></system-out>
  </testcase>
  <testcase name="E clico no botao aceitar" classname="Cenário: Cadastro com sucesso" time="0">
    <system-out><![CDATA[Vai clicar no elemento: By.cssSelector: #content > terms-and-conditions > base-button > button
Clicou no elemento: By.cssSelector: #content > terms-and-conditions > base-button > button
####################
]]></system-out>
  </testcase>
  <testcase name="E clico no botao cadastrar" classname="Cenário: Cadastro com sucesso" time="0">
    <system-out><![CDATA[Vai clicar no elemento: By.xpath: /html/body/app-root/ion-app/div/div/desktop-modal/div[2]/register-popup/div/div[1]/button
Clicou no elemento: By.xpath: /html/body/app-root/ion-app/div/div/desktop-modal/div[2]/register-popup/div/div[1]/button
####################
]]></system-out>
  </testcase>
  <testcase name="Então o codigo é enviado para o meu email" classname="Cenário: Cadastro com sucesso" time="0">
    <system-out><![CDATA[Vai clicar no elemento: By.xpath: /html/body/app-root/ion-app/div/div/desktop-modal/div/email-spam-popup/div/div/base-button/button
Clicou no elemento: By.xpath: /html/body/app-root/ion-app/div/div/desktop-modal/div/email-spam-popup/div/div/base-button/button
####################
####################
]]></system-out>
  </testcase>
  <testcase name="" classname="Cenário: Cadastro com sucesso" time="0.006">
    <system-out><![CDATA[************
Teste executado: Cadastro com sucesso
Status: passed
Tag: [@cadastro-sucesso, @cadastro]
************
************
Teste executado: Cadastro com sucesso
Status: passed
Tag: [@cadastro-sucesso, @cadastro]
************
************
Teste executado: Cadastro com sucesso
Status: passed
Tag: [@cadastro-sucesso, @cadastro]
************
]]></system-out>
  </testcase>
  <testcase name="Dado que estou na tela de login" classname="Cenário: Validando campos obrigatórios" time="0">
    <system-out><![CDATA[####################
]]></system-out>
    <system-err><![CDATA[Starting ChromeDriver 117.0.5938.62 (25a7172909a4cba7355365cf424d7d7eb35231f4-refs/branch-heads/5938@{#1146}) on port 37616
Only local connections are allowed.
Please see https://chromedriver.chromium.org/security-considerations for suggestions on keeping ChromeDriver safe.
ChromeDriver was started successfully.
set 16, 2023 10:05:14 AM org.openqa.selenium.remote.ProtocolHandshake createSession
INFORMAÇÕES: Detected dialect: W3C
]]></system-err>
  </testcase>
  <testcase name="Quando clico no botao Cadastre-se" classname="Cenário: Validando campos obrigatórios" time="0">
    <system-out><![CDATA[Vai clicar no elemento: By.cssSelector: span.link
Clicou no elemento: By.cssSelector: span.link
####################
]]></system-out>
  </testcase>
  <testcase name="E clico no campo Nome completo" classname="Cenário: Validando campos obrigatórios" time="0">
    <system-out><![CDATA[Vai clicar no elemento: By.cssSelector: #name > input
Clicou no elemento: By.cssSelector: #name > input
####################
]]></system-out>
  </testcase>
  <testcase name="E clico fora do campo Nome completo" classname="Cenário: Validando campos obrigatórios" time="0">
    <system-out><![CDATA[Vai clicar no elemento: By.xpath: //*[@id='formRegisterUser']/div[5]/ion-input/input
Clicou no elemento: By.xpath: //*[@id='formRegisterUser']/div[5]/ion-input/input
####################
]]></system-out>
  </testcase>
  <testcase name="E clico no campo Email" classname="Cenário: Validando campos obrigatórios" time="0">
    <system-out><![CDATA[Vai clicar no elemento: By.xpath: /html/body/app-root/ion-app/div/div/desktop-modal/div[2]/register-popup/div/form/div[3]/ion-input/input
Clicou no elemento: By.xpath: /html/body/app-root/ion-app/div/div/desktop-modal/div[2]/register-popup/div/form/div[3]/ion-input/input
####################
]]></system-out>
  </testcase>
  <testcase name="E clico fora do campo Email" classname="Cenário: Validando campos obrigatórios" time="0">
    <system-out><![CDATA[Vai clicar no elemento: By.cssSelector: #name > input
Clicou no elemento: By.cssSelector: #name > input
####################
]]></system-out>
  </testcase>
  <testcase name="E clico no campo Senha" classname="Cenário: Validando campos obrigatórios" time="0">
    <system-out><![CDATA[Vai clicar no elemento: By.xpath: //*[@id='formRegisterUser']/div[5]/ion-input/input
Clicou no elemento: By.xpath: //*[@id='formRegisterUser']/div[5]/ion-input/input
####################
]]></system-out>
  </testcase>
  <testcase name="E clico fora do campo Senha" classname="Cenário: Validando campos obrigatórios" time="0">
    <system-out><![CDATA[Vai clicar no elemento: By.cssSelector: #name > input
Clicou no elemento: By.cssSelector: #name > input
####################
]]></system-out>
  </testcase>
  <testcase name="E clico no campo Confirmar senha" classname="Cenário: Validando campos obrigatórios" time="0">
    <system-out><![CDATA[Vai clicar no elemento: By.xpath: /html/body/app-root/ion-app/div/div/desktop-modal/div[2]/register-popup/div/form/div[7]/ion-input/input
Clicou no elemento: By.xpath: /html/body/app-root/ion-app/div/div/desktop-modal/div[2]/register-popup/div/form/div[7]/ion-input/input
####################
]]></system-out>
  </testcase>
  <testcase name="E clico fora do campo Confirmar senha" classname="Cenário: Validando campos obrigatórios" time="0">
    <system-out><![CDATA[Vai clicar no elemento: By.cssSelector: #name > input
Clicou no elemento: By.cssSelector: #name > input
####################
]]></system-out>
  </testcase>
  <testcase name="Então a aplicacao deve exibir as mensagem de campos obrigatórios" classname="Cenário: Validando campos obrigatórios" time="0">
    <system-out><![CDATA[####################
####################
####################
####################
]]></system-out>
  </testcase>
  <testcase name="" classname="Cenário: Validando campos obrigatórios" time="0.003">
    <system-out><![CDATA[************
Teste executado: Validando campos obrigatórios
Status: passed
Tag: [@validação-campos-obrigatorios, @cadastro]
************
************
Teste executado: Validando campos obrigatórios
Status: passed
Tag: [@validação-campos-obrigatorios, @cadastro]
************
************
Teste executado: Validando campos obrigatórios
Status: passed
Tag: [@validação-campos-obrigatorios, @cadastro]
************
]]></system-out>
  </testcase>
  <testcase name="Dado que estou na tela de login" classname="Cenário: Validando campo nome completo com um caractere" time="0">
    <system-out><![CDATA[####################
]]></system-out>
    <system-err><![CDATA[Starting ChromeDriver 117.0.5938.62 (25a7172909a4cba7355365cf424d7d7eb35231f4-refs/branch-heads/5938@{#1146}) on port 46362
Only local connections are allowed.
Please see https://chromedriver.chromium.org/security-considerations for suggestions on keeping ChromeDriver safe.
ChromeDriver was started successfully.
set 16, 2023 10:05:20 AM org.openqa.selenium.remote.ProtocolHandshake createSession
INFORMAÇÕES: Detected dialect: W3C
]]></system-err>
  </testcase>
  <testcase name="Quando clico no botao Cadastre-se" classname="Cenário: Validando campo nome completo com um caractere" time="0">
    <system-out><![CDATA[Vai clicar no elemento: By.cssSelector: span.link
Clicou no elemento: By.cssSelector: span.link
####################
]]></system-out>
  </testcase>
  <testcase name="E preencho o campo nome completo com um caractere &quot;a&quot;" classname="Cenário: Validando campo nome completo com um caractere" time="0">
    <system-out><![CDATA[Vai preencher o campo: By.cssSelector: #name > input
Preencheu o campo: By.cssSelector: #name > input
####################
]]></system-out>
  </testcase>
  <testcase name="Então a aplicacao deve exibir a mensagem Nome completo deve conter mais de dois caracteres" classname="Cenário: Validando campo nome completo com um caractere" time="0">
    <system-out><![CDATA[####################
]]></system-out>
  </testcase>
  <testcase name="" classname="Cenário: Validando campo nome completo com um caractere" time="0.002">
    <system-out><![CDATA[************
Teste executado: Validando campo nome completo com um caractere
Status: passed
Tag: [@validacao-campo-nome-um-caractere, @cadastro]
************
************
Teste executado: Validando campo nome completo com um caractere
Status: passed
Tag: [@validacao-campo-nome-um-caractere, @cadastro]
************
************
Teste executado: Validando campo nome completo com um caractere
Status: passed
Tag: [@validacao-campo-nome-um-caractere, @cadastro]
************
]]></system-out>
  </testcase>
  <testcase name="Dado que estou na tela de login" classname="Cenário: Validando campo nome completo tres caracteres" time="0">
    <system-out><![CDATA[####################
]]></system-out>
    <system-err><![CDATA[Starting ChromeDriver 117.0.5938.62 (25a7172909a4cba7355365cf424d7d7eb35231f4-refs/branch-heads/5938@{#1146}) on port 34440
Only local connections are allowed.
Please see https://chromedriver.chromium.org/security-considerations for suggestions on keeping ChromeDriver safe.
ChromeDriver was started successfully.
set 16, 2023 10:05:25 AM org.openqa.selenium.remote.ProtocolHandshake createSession
INFORMAÇÕES: Detected dialect: W3C
]]></system-err>
  </testcase>
  <testcase name="Quando clico no botao Cadastre-se" classname="Cenário: Validando campo nome completo tres caracteres" time="0">
    <system-out><![CDATA[Vai clicar no elemento: By.cssSelector: span.link
Clicou no elemento: By.cssSelector: span.link
####################
]]></system-out>
  </testcase>
  <testcase name="E preencho o campo nome completo com um caractere &quot;aaa&quot;" classname="Cenário: Validando campo nome completo tres caracteres" time="0">
    <system-out><![CDATA[Vai preencher o campo: By.cssSelector: #name > input
Preencheu o campo: By.cssSelector: #name > input
####################
]]></system-out>
  </testcase>
  <testcase name="Então a aplicacao deve exibir a mensagem Digite seu nome completo" classname="Cenário: Validando campo nome completo tres caracteres" time="0">
    <system-out><![CDATA[####################
]]></system-out>
  </testcase>
  <testcase name="" classname="Cenário: Validando campo nome completo tres caracteres" time="0.003">
    <system-out><![CDATA[************
Teste executado: Validando campo nome completo tres caracteres
Status: passed
Tag: [@validacao-campo-nome-tres-caracteres, @cadastro]
************
************
Teste executado: Validando campo nome completo tres caracteres
Status: passed
Tag: [@validacao-campo-nome-tres-caracteres, @cadastro]
************
************
Teste executado: Validando campo nome completo tres caracteres
Status: passed
Tag: [@validacao-campo-nome-tres-caracteres, @cadastro]
************
]]></system-out>
  </testcase>
  <testcase name="Dado que estou na tela de login" classname="Cenário: Validando campo Email" time="0">
    <system-out><![CDATA[####################
]]></system-out>
    <system-err><![CDATA[Starting ChromeDriver 117.0.5938.62 (25a7172909a4cba7355365cf424d7d7eb35231f4-refs/branch-heads/5938@{#1146}) on port 8560
Only local connections are allowed.
Please see https://chromedriver.chromium.org/security-considerations for suggestions on keeping ChromeDriver safe.
ChromeDriver was started successfully.
set 16, 2023 10:05:29 AM org.openqa.selenium.remote.ProtocolHandshake createSession
INFORMAÇÕES: Detected dialect: W3C
]]></system-err>
  </testcase>
  <testcase name="Quando clico no botao Cadastre-se" classname="Cenário: Validando campo Email" time="0">
    <system-out><![CDATA[Vai clicar no elemento: By.cssSelector: span.link
Clicou no elemento: By.cssSelector: span.link
####################
]]></system-out>
  </testcase>
  <testcase name="E preencho o campo email &quot;thiago&quot;" classname="Cenário: Validando campo Email" time="0">
    <system-out><![CDATA[Vai preencher o campo: By.xpath: /html/body/app-root/ion-app/div/div/desktop-modal/div[2]/register-popup/div/form/div[3]/ion-input/input
Preencheu o campo: By.xpath: /html/body/app-root/ion-app/div/div/desktop-modal/div[2]/register-popup/div/form/div[3]/ion-input/input
####################
]]></system-out>
  </testcase>
  <testcase name="Então a aplicacao deve exibir a mensagem Email invalido" classname="Cenário: Validando campo Email" time="0">
    <system-out><![CDATA[####################
]]></system-out>
  </testcase>
  <testcase name="" classname="Cenário: Validando campo Email" time="0.001">
    <system-out><![CDATA[************
Teste executado: Validando campo Email
Status: passed
Tag: [@cadastro, @validacao-campo-email]
************
************
Teste executado: Validando campo Email
Status: passed
Tag: [@cadastro, @validacao-campo-email]
************
************
Teste executado: Validando campo Email
Status: passed
Tag: [@cadastro, @validacao-campo-email]
************
]]></system-out>
  </testcase>
  <testcase name="Dado que estou na tela de login" classname="Cenário: Validando campo senha" time="0">
    <system-out><![CDATA[####################
]]></system-out>
    <system-err><![CDATA[Starting ChromeDriver 117.0.5938.62 (25a7172909a4cba7355365cf424d7d7eb35231f4-refs/branch-heads/5938@{#1146}) on port 39164
Only local connections are allowed.
Please see https://chromedriver.chromium.org/security-considerations for suggestions on keeping ChromeDriver safe.
ChromeDriver was started successfully.
set 16, 2023 10:05:36 AM org.openqa.selenium.remote.ProtocolHandshake createSession
INFORMAÇÕES: Detected dialect: W3C
]]></system-err>
  </testcase>
  <testcase name="Quando clico no botao Cadastre-se" classname="Cenário: Validando campo senha" time="0">
    <system-out><![CDATA[Vai clicar no elemento: By.cssSelector: span.link
Clicou no elemento: By.cssSelector: span.link
####################
]]></system-out>
  </testcase>
  <testcase name="E preencho o campo senha &quot;ASDQW&quot;" classname="Cenário: Validando campo senha" time="0">
    <system-out><![CDATA[Vai preencher o campo: By.xpath: //*[@id='formRegisterUser']/div[5]/ion-input/input
Preencheu o campo: By.xpath: //*[@id='formRegisterUser']/div[5]/ion-input/input
####################
]]></system-out>
  </testcase>
  <testcase name="Então a aplicacao deve exibir a mensagem Senha deve conter no minimo seis caracteres" classname="Cenário: Validando campo senha" time="0">
    <system-out><![CDATA[####################
]]></system-out>
  </testcase>
  <testcase name="" classname="Cenário: Validando campo senha" time="0.002">
    <system-out><![CDATA[************
Teste executado: Validando campo senha
Status: passed
Tag: [@validacao-campo-senha, @cadastro]
************
************
Teste executado: Validando campo senha
Status: passed
Tag: [@validacao-campo-senha, @cadastro]
************
************
Teste executado: Validando campo senha
Status: passed
Tag: [@validacao-campo-senha, @cadastro]
************
]]></system-out>
  </testcase>
  <testcase name="Dado que estou na tela de login" classname="Cenário: Validando campo senha com seis caracteres" time="0">
    <system-out><![CDATA[####################
]]></system-out>
    <system-err><![CDATA[Starting ChromeDriver 117.0.5938.62 (25a7172909a4cba7355365cf424d7d7eb35231f4-refs/branch-heads/5938@{#1146}) on port 46730
Only local connections are allowed.
Please see https://chromedriver.chromium.org/security-considerations for suggestions on keeping ChromeDriver safe.
ChromeDriver was started successfully.
set 16, 2023 10:05:40 AM org.openqa.selenium.remote.ProtocolHandshake createSession
INFORMAÇÕES: Detected dialect: W3C
]]></system-err>
  </testcase>
  <testcase name="Quando clico no botao Cadastre-se" classname="Cenário: Validando campo senha com seis caracteres" time="0">
    <system-out><![CDATA[Vai clicar no elemento: By.cssSelector: span.link
Clicou no elemento: By.cssSelector: span.link
####################
]]></system-out>
  </testcase>
  <testcase name="E preencho o campo senha &quot;asdqwe&quot;" classname="Cenário: Validando campo senha com seis caracteres" time="0">
    <system-out><![CDATA[Vai preencher o campo: By.xpath: //*[@id='formRegisterUser']/div[5]/ion-input/input
Preencheu o campo: By.xpath: //*[@id='formRegisterUser']/div[5]/ion-input/input
####################
]]></system-out>
  </testcase>
  <testcase name="Então a aplicacao deve exibir a mensagem Sua senha deve conter no minimo um caractere maiusculo" classname="Cenário: Validando campo senha com seis caracteres" time="0">
    <system-out><![CDATA[####################
]]></system-out>
  </testcase>
  <testcase name="" classname="Cenário: Validando campo senha com seis caracteres" time="0.003">
    <system-out><![CDATA[************
Teste executado: Validando campo senha com seis caracteres
Status: passed
Tag: [@cadastro, @validacao-campo-senha-seis-caracteres]
************
************
Teste executado: Validando campo senha com seis caracteres
Status: passed
Tag: [@cadastro, @validacao-campo-senha-seis-caracteres]
************
************
Teste executado: Validando campo senha com seis caracteres
Status: passed
Tag: [@cadastro, @validacao-campo-senha-seis-caracteres]
************
]]></system-out>
  </testcase>
  <testcase name="Dado que estou na tela de login" classname="Cenário: Validando campo senha com seis caracateres com um caractere maiusculo" time="0">
    <system-out><![CDATA[####################
]]></system-out>
    <system-err><![CDATA[Starting ChromeDriver 117.0.5938.62 (25a7172909a4cba7355365cf424d7d7eb35231f4-refs/branch-heads/5938@{#1146}) on port 14285
Only local connections are allowed.
Please see https://chromedriver.chromium.org/security-considerations for suggestions on keeping ChromeDriver safe.
ChromeDriver was started successfully.
set 16, 2023 10:05:43 AM org.openqa.selenium.remote.ProtocolHandshake createSession
INFORMAÇÕES: Detected dialect: W3C
]]></system-err>
  </testcase>
  <testcase name="Quando clico no botao Cadastre-se" classname="Cenário: Validando campo senha com seis caracateres com um caractere maiusculo" time="0">
    <system-out><![CDATA[Vai clicar no elemento: By.cssSelector: span.link
Clicou no elemento: By.cssSelector: span.link
####################
]]></system-out>
  </testcase>
  <testcase name="E preencho o campo senha &quot;asdqweA&quot;" classname="Cenário: Validando campo senha com seis caracateres com um caractere maiusculo" time="0">
    <system-out><![CDATA[Vai preencher o campo: By.xpath: //*[@id='formRegisterUser']/div[5]/ion-input/input
Preencheu o campo: By.xpath: //*[@id='formRegisterUser']/div[5]/ion-input/input
####################
]]></system-out>
  </testcase>
  <testcase name="Então a aplicacao deve exibir a mensagem Sua senha deve conter no minimo um caractere especial" classname="Cenário: Validando campo senha com seis caracateres com um caractere maiusculo" time="0">
    <system-out><![CDATA[####################
]]></system-out>
  </testcase>
  <testcase name="" classname="Cenário: Validando campo senha com seis caracateres com um caractere maiusculo" time="0.002">
    <system-out><![CDATA[************
Teste executado: Validando campo senha com seis caracateres com um caractere maiusculo
Status: passed
Tag: [@cadastro, @validacao-campo-senha-seis-caracteres-um-maisculo]
************
************
Teste executado: Validando campo senha com seis caracateres com um caractere maiusculo
Status: passed
Tag: [@cadastro, @validacao-campo-senha-seis-caracteres-um-maisculo]
************
************
Teste executado: Validando campo senha com seis caracateres com um caractere maiusculo
Status: passed
Tag: [@cadastro, @validacao-campo-senha-seis-caracteres-um-maisculo]
************
]]></system-out>
  </testcase>
  <testcase name="Dado que estou na tela de login" classname="Cenário: Login com sucesso" time="0">
    <system-out><![CDATA[####################
]]></system-out>
    <system-err><![CDATA[Starting ChromeDriver 117.0.5938.62 (25a7172909a4cba7355365cf424d7d7eb35231f4-refs/branch-heads/5938@{#1146}) on port 17835
Only local connections are allowed.
Please see https://chromedriver.chromium.org/security-considerations for suggestions on keeping ChromeDriver safe.
ChromeDriver was started successfully.
set 16, 2023 10:05:49 AM org.openqa.selenium.remote.ProtocolHandshake createSession
INFORMAÇÕES: Detected dialect: W3C
]]></system-err>
  </testcase>
  <testcase name="Quando preencho o campo Email com &quot;thiago.lyon.passos@gmail.com&quot; valido" classname="Cenário: Login com sucesso" time="0">
    <system-out><![CDATA[Vai preencher o campo: By.cssSelector: #username > input
Preencheu o campo: By.cssSelector: #username > input
####################
]]></system-out>
  </testcase>
  <testcase name="E preencho o campo Senha com &quot;9KrDv$H39diPHZ&quot; valida" classname="Cenário: Login com sucesso" time="0">
    <system-out><![CDATA[Vai preencher o campo: By.cssSelector: ion-input[formcontrolname='password'] input.native-input
Preencheu o campo: By.cssSelector: ion-input[formcontrolname='password'] input.native-input
####################
]]></system-out>
  </testcase>
  <testcase name="E clico no botao entrar" classname="Cenário: Login com sucesso" time="0">
    <system-out><![CDATA[Vai clicar no elemento: By.xpath: //*[@id='content']/app-login/div/div/div[2]/button
Clicou no elemento: By.xpath: //*[@id='content']/app-login/div/div/div[2]/button
####################
]]></system-out>
  </testcase>
  <testcase name="E preencho o campo auteticacao com o codigo recebido" classname="Cenário: Login com sucesso" time="0">
    <system-out><![CDATA[Vai clicar no elemento: By.xpath: /html/body/app-root/ion-app/div/div/desktop-modal/div/email-spam-popup/div/div/base-button
Clicou no elemento: By.xpath: /html/body/app-root/ion-app/div/div/desktop-modal/div/email-spam-popup/div/div/base-button
####################
]]></system-out>
  </testcase>
  <testcase name="E clico no botao acessar" classname="Cenário: Login com sucesso" time="0">
    <system-out><![CDATA[Vai clicar no elemento: By.cssSelector: a.login_next_button
Clicou no elemento: By.cssSelector: a.login_next_button
####################
]]></system-out>
    <system-err><![CDATA[Starting ChromeDriver 117.0.5938.62 (25a7172909a4cba7355365cf424d7d7eb35231f4-refs/branch-heads/5938@{#1146}) on port 29409
Only local connections are allowed.
Please see https://chromedriver.chromium.org/security-considerations for suggestions on keeping ChromeDriver safe.
ChromeDriver was started successfully.
set 16, 2023 10:05:54 AM org.openqa.selenium.remote.ProtocolHandshake createSession
INFORMAÇÕES: Detected dialect: W3C
]]></system-err>
  </testcase>
  <testcase name="Então a aplicacao deve ser redirecionada para a tela de delivery" classname="Cenário: Login com sucesso" time="0"/>
  <testcase name="" classname="Cenário: Login com sucesso" time="0.002">
    <system-out><![CDATA[************
Teste executado: Login com sucesso
Status: passed
Tag: [@login-sucesso, @login]
************
************
Teste executado: Login com sucesso
Status: passed
Tag: [@login-sucesso, @login]
************
************
Teste executado: Login com sucesso
Status: passed
Tag: [@login-sucesso, @login]
************
]]></system-out>
  </testcase>
  <testcase name="Dado que estou na tela de login" classname="Cenário: Usuário realiza login com um email invalido" time="0">
    <system-out><![CDATA[####################
]]></system-out>
    <system-err><![CDATA[Starting ChromeDriver 117.0.5938.62 (25a7172909a4cba7355365cf424d7d7eb35231f4-refs/branch-heads/5938@{#1146}) on port 26479
Only local connections are allowed.
Please see https://chromedriver.chromium.org/security-considerations for suggestions on keeping ChromeDriver safe.
ChromeDriver was started successfully.
set 16, 2023 10:06:02 AM org.openqa.selenium.remote.ProtocolHandshake createSession
INFORMAÇÕES: Detected dialect: W3C
]]></system-err>
  </testcase>
  <testcase name="Quando preencho o campo Email com &quot;thiago&quot; valido" classname="Cenário: Usuário realiza login com um email invalido" time="0">
    <system-out><![CDATA[Vai preencher o campo: By.cssSelector: #username > input
Preencheu o campo: By.cssSelector: #username > input
####################
]]></system-out>
  </testcase>
  <testcase name="Então a aaplicacao deve exibir a mensagem de Email invalido" classname="Cenário: Usuário realiza login com um email invalido" time="0"/>
  <testcase name="" classname="Cenário: Usuário realiza login com um email invalido" time="0.003">
    <system-out><![CDATA[************
Teste executado: Usuário realiza login com um email invalido
Status: passed
Tag: [@login, @login-email-invalido]
************
************
Teste executado: Usuário realiza login com um email invalido
Status: passed
Tag: [@login, @login-email-invalido]
************
************
Teste executado: Usuário realiza login com um email invalido
Status: passed
Tag: [@login, @login-email-invalido]
************
]]></system-out>
  </testcase>
  <testcase name="Dado que estou na tela de login" classname="Cenário: Login com email vazio" time="0">
    <system-out><![CDATA[####################
]]></system-out>
    <system-err><![CDATA[Starting ChromeDriver 117.0.5938.62 (25a7172909a4cba7355365cf424d7d7eb35231f4-refs/branch-heads/5938@{#1146}) on port 17911
Only local connections are allowed.
Please see https://chromedriver.chromium.org/security-considerations for suggestions on keeping ChromeDriver safe.
ChromeDriver was started successfully.
set 16, 2023 10:06:05 AM org.openqa.selenium.remote.ProtocolHandshake createSession
INFORMAÇÕES: Detected dialect: W3C
]]></system-err>
  </testcase>
  <testcase name="Quando não preencho o campo Email" classname="Cenário: Login com email vazio" time="0">
    <system-out><![CDATA[Vai clicar no elemento: By.cssSelector: #username > input
Clicou no elemento: By.cssSelector: #username > input
####################
Vai clicar no elemento: By.cssSelector: ion-input[formcontrolname='password'] input.native-input
Clicou no elemento: By.cssSelector: ion-input[formcontrolname='password'] input.native-input
####################
]]></system-out>
  </testcase>
  <testcase name="Então a aplicacao deve exibir a mensagem Email é obrigatorio" classname="Cenário: Login com email vazio" time="0">
    <system-out><![CDATA[####################
]]></system-out>
  </testcase>
  <testcase name="" classname="Cenário: Login com email vazio" time="0.001">
    <system-out><![CDATA[************
Teste executado: Login com email vazio
Status: passed
Tag: [@login, @login-email-vazio]
************
************
Teste executado: Login com email vazio
Status: passed
Tag: [@login, @login-email-vazio]
************
************
Teste executado: Login com email vazio
Status: passed
Tag: [@login, @login-email-vazio]
************
]]></system-out>
  </testcase>
  <testcase name="Dado que estou na tela de login" classname="Cenário: Usuário digita senha errada" time="0">
    <system-out><![CDATA[####################
]]></system-out>
    <system-err><![CDATA[Starting ChromeDriver 117.0.5938.62 (25a7172909a4cba7355365cf424d7d7eb35231f4-refs/branch-heads/5938@{#1146}) on port 4481
Only local connections are allowed.
Please see https://chromedriver.chromium.org/security-considerations for suggestions on keeping ChromeDriver safe.
ChromeDriver was started successfully.
set 16, 2023 10:06:08 AM org.openqa.selenium.remote.ProtocolHandshake createSession
INFORMAÇÕES: Detected dialect: W3C
]]></system-err>
  </testcase>
  <testcase name="Quando preencho o campo Email com &quot;thiago.lyon.passos@gmail.com&quot; valido" classname="Cenário: Usuário digita senha errada" time="0">
    <system-out><![CDATA[Vai preencher o campo: By.cssSelector: #username > input
Preencheu o campo: By.cssSelector: #username > input
####################
]]></system-out>
  </testcase>
  <testcase name="E preencho o campo Senha com a senha errada &quot;senhaerrada&quot;" classname="Cenário: Usuário digita senha errada" time="0">
    <system-out><![CDATA[Vai preencher o campo: By.cssSelector: ion-input[formcontrolname='password'] input.native-input
Preencheu o campo: By.cssSelector: ion-input[formcontrolname='password'] input.native-input
####################
]]></system-out>
  </testcase>
  <testcase name="E clico no botao entrar" classname="Cenário: Usuário digita senha errada" time="0">
    <system-out><![CDATA[Vai clicar no elemento: By.xpath: //*[@id='content']/app-login/div/div/div[2]/button
Clicou no elemento: By.xpath: //*[@id='content']/app-login/div/div/div[2]/button
####################
]]></system-out>
  </testcase>
  <testcase name="Então a aplicacao deve exibir a mensagem Email ou senha invalidos" classname="Cenário: Usuário digita senha errada" time="0">
    <system-out><![CDATA[####################
]]></system-out>
  </testcase>
  <testcase name="" classname="Cenário: Usuário digita senha errada" time="0.002">
    <system-out><![CDATA[************
Teste executado: Usuário digita senha errada
Status: passed
Tag: [@login-senha-incorreta, @login]
************
************
Teste executado: Usuário digita senha errada
Status: passed
Tag: [@login-senha-incorreta, @login]
************
************
Teste executado: Usuário digita senha errada
Status: passed
Tag: [@login-senha-incorreta, @login]
************
]]></system-out>
  </testcase>
  <testcase name="Dado que estou na tela de login" classname="Cenário: Usuário não preenche o campo senha" time="0">
    <system-out><![CDATA[####################
]]></system-out>
    <system-err><![CDATA[Starting ChromeDriver 117.0.5938.62 (25a7172909a4cba7355365cf424d7d7eb35231f4-refs/branch-heads/5938@{#1146}) on port 25794
Only local connections are allowed.
Please see https://chromedriver.chromium.org/security-considerations for suggestions on keeping ChromeDriver safe.
ChromeDriver was started successfully.
set 16, 2023 10:06:18 AM org.openqa.selenium.remote.ProtocolHandshake createSession
INFORMAÇÕES: Detected dialect: W3C
]]></system-err>
  </testcase>
  <testcase name="Quando preencho o campo Email com &quot;thiago.lyon.passos@gmail.com&quot; valido" classname="Cenário: Usuário não preenche o campo senha" time="0">
    <system-out><![CDATA[Vai preencher o campo: By.cssSelector: #username > input
Preencheu o campo: By.cssSelector: #username > input
####################
]]></system-out>
  </testcase>
  <testcase name="E não preencho o campo senha" classname="Cenário: Usuário não preenche o campo senha" time="0">
    <system-out><![CDATA[Vai clicar no elemento: By.cssSelector: ion-input[formcontrolname='password'] input.native-input
Clicou no elemento: By.cssSelector: ion-input[formcontrolname='password'] input.native-input
####################
Vai clicar no elemento: By.cssSelector: #username > input
Clicou no elemento: By.cssSelector: #username > input
####################
]]></system-out>
  </testcase>
  <testcase name="Então a aplicacao deve exibir a mensagem Senha é obrigatoria" classname="Cenário: Usuário não preenche o campo senha" time="0">
    <system-out><![CDATA[####################
]]></system-out>
  </testcase>
  <testcase name="" classname="Cenário: Usuário não preenche o campo senha" time="0.001">
    <system-out><![CDATA[************
Teste executado: Usuário não preenche o campo senha
Status: passed
Tag: [@login, @login-senha-vazio]
************
************
Teste executado: Usuário não preenche o campo senha
Status: passed
Tag: [@login, @login-senha-vazio]
************
************
Teste executado: Usuário não preenche o campo senha
Status: passed
Tag: [@login, @login-senha-vazio]
************
]]></system-out>
  </testcase>
  <testcase name="Dado que estou na tela de login" classname="Cenário: Usuário digitou senha com menos de 6 caracteres" time="0">
    <system-out><![CDATA[####################
]]></system-out>
    <system-err><![CDATA[Starting ChromeDriver 117.0.5938.62 (25a7172909a4cba7355365cf424d7d7eb35231f4-refs/branch-heads/5938@{#1146}) on port 5983
Only local connections are allowed.
Please see https://chromedriver.chromium.org/security-considerations for suggestions on keeping ChromeDriver safe.
ChromeDriver was started successfully.
set 16, 2023 10:06:21 AM org.openqa.selenium.remote.ProtocolHandshake createSession
INFORMAÇÕES: Detected dialect: W3C
]]></system-err>
  </testcase>
  <testcase name="Quando preencho o campo Email com &quot;thiago.lyon.passos@gmail.com&quot; valido" classname="Cenário: Usuário digitou senha com menos de 6 caracteres" time="0">
    <system-out><![CDATA[Vai preencher o campo: By.cssSelector: #username > input
Preencheu o campo: By.cssSelector: #username > input
####################
]]></system-out>
  </testcase>
  <testcase name="E preencho o campo Senha com menos que seis caracteres &quot;Senha&quot;" classname="Cenário: Usuário digitou senha com menos de 6 caracteres" time="0">
    <system-out><![CDATA[Vai preencher o campo: By.cssSelector: ion-input[formcontrolname='password'] input.native-input
Preencheu o campo: By.cssSelector: ion-input[formcontrolname='password'] input.native-input
####################
]]></system-out>
  </testcase>
  <testcase name="Então a aplicacao deve exibir a mensagem Senha deve conter no mínimo seis caracteres" classname="Cenário: Usuário digitou senha com menos de 6 caracteres" time="0">
    <system-out><![CDATA[####################
]]></system-out>
  </testcase>
  <testcase name="" classname="Cenário: Usuário digitou senha com menos de 6 caracteres" time="0.001">
    <system-out><![CDATA[************
Teste executado: Usuário digitou senha com menos de 6 caracteres
Status: passed
Tag: [@login, @senha-invalida]
************
************
Teste executado: Usuário digitou senha com menos de 6 caracteres
Status: passed
Tag: [@login, @senha-invalida]
************
************
Teste executado: Usuário digitou senha com menos de 6 caracteres
Status: passed
Tag: [@login, @senha-invalida]
************
]]></system-out>
  </testcase>
  <testcase name="Dado que estou na tela de login" classname="Cenário: Usuário deseja resetar e redefinir senha" time="0">
    <system-out><![CDATA[####################
]]></system-out>
    <system-err><![CDATA[Starting ChromeDriver 117.0.5938.62 (25a7172909a4cba7355365cf424d7d7eb35231f4-refs/branch-heads/5938@{#1146}) on port 18997
Only local connections are allowed.
Please see https://chromedriver.chromium.org/security-considerations for suggestions on keeping ChromeDriver safe.
ChromeDriver was started successfully.
set 16, 2023 10:06:25 AM org.openqa.selenium.remote.ProtocolHandshake createSession
INFORMAÇÕES: Detected dialect: W3C
]]></system-err>
  </testcase>
  <testcase name="Quando clico no botao Resetar senha" classname="Cenário: Usuário deseja resetar e redefinir senha" time="0">
    <system-out><![CDATA[Vai clicar no elemento: By.xpath: /html/body/app-root/ion-app/main/ion-router-outlet/app-login/div/div/div[3]/ion-col[2]
Clicou no elemento: By.xpath: /html/body/app-root/ion-app/main/ion-router-outlet/app-login/div/div/div[3]/ion-col[2]
####################
]]></system-out>
  </testcase>
  <testcase name="E preencho o email &quot;thiago.lyon.passos@gmail.com&quot;" classname="Cenário: Usuário deseja resetar e redefinir senha" time="0">
    <system-out><![CDATA[Vai preencher o campo: By.xpath: /html/body/app-root/ion-app/ion-alert/div[2]/div[3]/div/input
Preencheu o campo: By.xpath: /html/body/app-root/ion-app/ion-alert/div[2]/div[3]/div/input
####################
]]></system-out>
  </testcase>
  <testcase name="E clico no botao RECUPERAR" classname="Cenário: Usuário deseja resetar e redefinir senha" time="0">
    <system-out><![CDATA[Vai clicar no elemento: By.xpath: /html/body/app-root/ion-app/ion-alert/div[2]/div[4]/button[2]
Clicou no elemento: By.xpath: /html/body/app-root/ion-app/ion-alert/div[2]/div[4]/button[2]
####################
]]></system-out>
  </testcase>
  <testcase name="E clico no botao OK" classname="Cenário: Usuário deseja resetar e redefinir senha" time="0">
    <system-out><![CDATA[Vai clicar no elemento: By.xpath: /html/body/app-root/ion-app/ion-alert/div[2]/div[3]/button
Clicou no elemento: By.xpath: /html/body/app-root/ion-app/ion-alert/div[2]/div[3]/button
####################
]]></system-out>
  </testcase>
  <testcase name="Então o email de redefinir senha é enviado" classname="Cenário: Usuário deseja resetar e redefinir senha" time="0">
    <system-out><![CDATA[####################
]]></system-out>
  </testcase>
  <testcase name="" classname="Cenário: Usuário deseja resetar e redefinir senha" time="0.002">
    <system-out><![CDATA[************
Teste executado: Usuário deseja resetar e redefinir senha
Status: passed
Tag: [@resetar]
************
************
Teste executado: Usuário deseja resetar e redefinir senha
Status: passed
Tag: [@resetar]
************
************
Teste executado: Usuário deseja resetar e redefinir senha
Status: passed
Tag: [@resetar]
************
]]></system-out>
  </testcase>
</testsuite>